\BOOKMARK [1][-]{section.1}{\376\377\000O\000b\000j\000e\000t\000\040\000d\000u\000\040\000d\000o\000c\000u\000m\000e\000n\000t}{}% 1
\BOOKMARK [1][-]{section.2}{\376\377\000P\000\351\000r\000i\000m\000\350\000t\000r\000e\000\040\000f\000o\000n\000c\000t\000i\000o\000n\000n\000e\000l}{}% 2
\BOOKMARK [1][-]{section.3}{\376\377\000P\000u\000b\000l\000i\000c\000\040\000v\000i\000s\000\351}{}% 3
\BOOKMARK [1][-]{section.4}{\376\377\000P\000r\000\351\000r\000e\000q\000u\000i\000s}{}% 4
\BOOKMARK [1][-]{section.5}{\376\377\000C\000o\000n\000v\000e\000n\000t\000i\000o\000n\000s\000\040\000d\000e\000\040\000l\000e\000c\000t\000u\000r\000e}{}% 5
\BOOKMARK [1][-]{section.6}{\376\377\000P\000a\000r\000c\000o\000u\000r\000s\000\040\000d\000'\000u\000t\000i\000l\000i\000s\000a\000t\000i\000o\000n}{}% 6
\BOOKMARK [2][-]{subsection.6.1}{\376\377\000C\000o\000n\000n\000e\000x\000i\000o\000n}{section.6}% 7
\BOOKMARK [2][-]{subsection.6.2}{\376\377\000T\000a\000b\000l\000e\000a\000u\000\040\000d\000e\000\040\000b\000o\000r\000d}{section.6}% 8
\BOOKMARK [2][-]{subsection.6.3}{\376\377\000G\000e\000s\000t\000i\000o\000n\000\040\000d\000e\000s\000\040\000u\000t\000i\000l\000i\000s\000a\000t\000e\000u\000r\000s\000\040\000\050\000p\000r\000o\000f\000i\000l\000\040\000a\000d\000m\000i\000n\000i\000s\000t\000r\000a\000t\000e\000u\000r\000\051}{section.6}% 9
\BOOKMARK [2][-]{subsection.6.4}{\376\377\000G\000e\000s\000t\000i\000o\000n\000\040\000d\000e\000s\000\040\000t\000e\000r\000r\000a\000i\000n\000s}{section.6}% 10
\BOOKMARK [2][-]{subsection.6.5}{\376\377\000G\000e\000s\000t\000i\000o\000n\000\040\000d\000e\000s\000\040\000p\000a\000r\000c\000e\000l\000l\000e\000s}{section.6}% 11
\BOOKMARK [2][-]{subsection.6.6}{\376\377\000G\000e\000s\000t\000i\000o\000n\000\040\000d\000e\000s\000\040\000c\000a\000p\000t\000e\000u\000r\000s}{section.6}% 12
\BOOKMARK [2][-]{subsection.6.7}{\376\377\000N\000o\000t\000i\000f\000i\000c\000a\000t\000i\000o\000n\000s}{section.6}% 13
\BOOKMARK [2][-]{subsection.6.8}{\376\377\000P\000r\000o\000f\000i\000l\000\040\000u\000t\000i\000l\000i\000s\000a\000t\000e\000u\000r}{section.6}% 14
\BOOKMARK [2][-]{subsection.6.9}{\376\377\000L\000a\000n\000g\000u\000e\000\040\000e\000t\000\040\000t\000h\000\350\000m\000e}{section.6}% 15
\BOOKMARK [2][-]{subsection.6.10}{\376\377\000D\000\351\000c\000o\000n\000n\000e\000x\000i\000o\000n}{section.6}% 16
\BOOKMARK [1][-]{section.7}{\376\377\000G\000e\000s\000t\000i\000o\000n\000\040\000d\000e\000s\000\040\000i\000n\000c\000i\000d\000e\000n\000t\000s\000\040\000c\000o\000u\000r\000a\000n\000t\000s}{}% 17
\BOOKMARK [2][-]{subsection.7.1}{\376\377\000\311\000c\000h\000e\000c\000\040\000d\000e\000\040\000c\000h\000a\000r\000g\000e\000m\000e\000n\000t\000\040\000d\000e\000s\000\040\000d\000o\000n\000n\000\351\000e\000s}{section.7}% 18
\BOOKMARK [2][-]{subsection.7.2}{\376\377\000E\000r\000r\000e\000u\000r\000\040\000d\000'\000a\000u\000t\000o\000r\000i\000s\000a\000t\000i\000o\000n\000\040\000\050\0004\0000\0001\000/\0004\0000\0003\000\051}{section.7}% 19
\BOOKMARK [2][-]{subsection.7.3}{\376\377\000\311\000c\000h\000e\000c\000\040\000d\000'\000u\000p\000l\000o\000a\000d\000\040\000d\000'\000a\000v\000a\000t\000a\000r}{section.7}% 20
\BOOKMARK [1][-]{section.8}{\376\377\000L\000i\000s\000t\000e\000\040\000d\000e\000s\000\040\000c\000a\000p\000t\000u\000r\000e\000s\000\040\000a\000t\000t\000e\000n\000d\000u\000e\000s}{}% 21
\BOOKMARK [1][-]{section.9}{\376\377\000H\000i\000s\000t\000o\000r\000i\000q\000u\000e\000\040\000d\000e\000s\000\040\000v\000e\000r\000s\000i\000o\000n\000s}{}% 22
\BOOKMARK [1][-]{section.10}{\376\377\000C\000o\000m\000p\000i\000l\000a\000t\000i\000o\000n\000\040\000P\000D\000F}{}% 23
